\BOOKMARK [1][-]{section.1}{Introduction}{}% 1
\BOOKMARK [1][-]{section.2}{Experiment E.1: evidence strength}{}% 2
\BOOKMARK [2][-]{subsection.2.1}{Methods}{section.2}% 3
\BOOKMARK [3][-]{subsubsection.2.1.1}{Participants}{subsection.2.1}% 4
\BOOKMARK [3][-]{subsubsection.2.1.2}{Materials and procedure}{subsection.2.1}% 5
\BOOKMARK [2][-]{subsection.2.2}{Results and discussion}{section.2}% 6
\BOOKMARK [1][-]{section.3}{Experiment E.2: production}{}% 7
\BOOKMARK [2][-]{subsection.3.1}{Methods}{section.3}% 8
\BOOKMARK [3][-]{subsubsection.3.1.1}{Participants}{subsection.3.1}% 9
\BOOKMARK [3][-]{subsubsection.3.1.2}{Materials and procedure}{subsection.3.1}% 10
\BOOKMARK [2][-]{subsection.3.2}{Results and discussion}{section.3}% 11
\BOOKMARK [1][-]{section.4}{Experiment E.3a: comprehension \(listener belief\)}{}% 12
\BOOKMARK [2][-]{subsection.4.1}{Methods}{section.4}% 13
\BOOKMARK [3][-]{subsubsection.4.1.1}{Participants}{subsection.4.1}% 14
\BOOKMARK [3][-]{subsubsection.4.1.2}{Materials and procedure}{subsection.4.1}% 15
\BOOKMARK [2][-]{subsection.4.2}{Results and discussion}{section.4}% 16
\BOOKMARK [1][-]{section.5}{Experiment E.3b: comprehension \(speaker commitment\)}{}% 17
\BOOKMARK [2][-]{subsection.5.1}{Methods}{section.5}% 18
\BOOKMARK [3][-]{subsubsection.5.1.1}{Participants}{subsection.5.1}% 19
\BOOKMARK [3][-]{subsubsection.5.1.2}{Materials and procedure}{subsection.5.1}% 20
\BOOKMARK [2][-]{subsection.5.2}{Results and discussion}{section.5}% 21
\BOOKMARK [1][-]{section.6}{Experiment G.1: evidence strength}{}% 22
\BOOKMARK [2][-]{subsection.6.1}{Methods}{section.6}% 23
\BOOKMARK [3][-]{subsubsection.6.1.1}{Participants}{subsection.6.1}% 24
\BOOKMARK [3][-]{subsubsection.6.1.2}{Materials and procedure}{subsection.6.1}% 25
\BOOKMARK [2][-]{subsection.6.2}{Results and discussion}{section.6}% 26
\BOOKMARK [1][-]{section.7}{Experiment G.2: production}{}% 27
\BOOKMARK [2][-]{subsection.7.1}{Methods}{section.7}% 28
\BOOKMARK [3][-]{subsubsection.7.1.1}{Participants}{subsection.7.1}% 29
\BOOKMARK [3][-]{subsubsection.7.1.2}{Materials and procedure}{subsection.7.1}% 30
\BOOKMARK [2][-]{subsection.7.2}{Results and discussion}{section.7}% 31
\BOOKMARK [1][-]{section.8}{Experiment G.3a: comprehension \(listener belief\)}{}% 32
\BOOKMARK [2][-]{subsection.8.1}{Methods}{section.8}% 33
\BOOKMARK [3][-]{subsubsection.8.1.1}{Participants}{subsection.8.1}% 34
\BOOKMARK [3][-]{subsubsection.8.1.2}{Materials and procedure}{subsection.8.1}% 35
\BOOKMARK [2][-]{subsection.8.2}{Results and discussion}{section.8}% 36
\BOOKMARK [1][-]{section.9}{Experiment G.3b: comprehension \(speaker commitment\)}{}% 37
\BOOKMARK [2][-]{subsection.9.1}{Methods}{section.9}% 38
\BOOKMARK [3][-]{subsubsection.9.1.1}{Participants}{subsection.9.1}% 39
\BOOKMARK [3][-]{subsubsection.9.1.2}{Materials and procedure}{subsection.9.1}% 40
\BOOKMARK [2][-]{subsection.9.2}{Results and discussion}{section.9}% 41
\BOOKMARK [1][-]{section.10}{General discussion}{}% 42
\BOOKMARK [1][-]{section.11}{Conclusion}{}% 43
\BOOKMARK [1][-]{appendix.A}{Pieces of evidence}{}% 44
\BOOKMARK [2][-]{subsection.A.1}{It's raining. / Es hat geregnet.}{appendix.A}% 45
\BOOKMARK [2][-]{subsection.A.2}{The coffee is cold. / Der Kaffee ist kalt geworden.}{appendix.A}% 46
\BOOKMARK [2][-]{subsection.A.3}{Dinner is ready. / Das Abendessen ist fertig geworden.}{appendix.A}% 47
\BOOKMARK [2][-]{subsection.A.4}{The neighbor's dog is barking. / Der Nachbarshund hat gebellt.}{appendix.A}% 48
\BOOKMARK [1][-]{appendix.B}{Acknowledgments}{}% 49
\BOOKMARK [1][-]{section*.1}{References}{}% 50
